
> angular-v17-vite-storybook@0.0.0 build-storybook
> ng run angular-v17-vite-storybook:build-storybook --output-dir=/var/folders/z4/m6s72pns1wv40mqhx_lcbb5c0000gn/T/chromatic--36672-jMCqmpSZRQlP --stats-json=/var/folders/z4/m6s72pns1wv40mqhx_lcbb5c0000gn/T/chromatic--36672-jMCqmpSZRQlP


[90m┌[39m  Building Storybook
[90m│[39m
[90m│[39m  Generating documentation with Compodoc
[90m│[39m
[90m│[39m  Generating documentation with Compodoc:[0m
[90m│[39m  [0m[0m[0m[0m
[90m│[39m
[90m│[39m  Generating documentation with Compodoc: 1.2.1

[90m│[39m  TypeScript version
[90m│[39m
[90m│[39m  Generating documentation with Compodoc: [12:33:30]
[90m│[39m
[90m│[39m  Generating documentation with Compodoc: [33mNo configuration fil
[90m│[39m
[90m│[39m  Generating documentation with Compodoc: [12:33:30] [32mUsing tsc
[90m│[39m
[90m│[39m  Generating documentation with Compodoc: [12:33:30] [36mIncluding
[90m│[39m
[90m│[39m  Generating documentation with Compodoc: [12:33:30]
[90m│[39m
[90m│[39m  Generating documentation with Compodoc: [33mExcluding      : /Us
[90m│[39m
[90m│[39m  Generating documentation with Compodoc: [12:33:30] [36mIncluding
[90m│[39m
[90m│[39m  Generating documentation with Compodoc: [12:33:30] [33mExcluding
[90m│[39m
[90m│[39m  Generating documentation with Compodoc: [12:33:30] [33mExcluding
[90m│[39m
[90m│[39m  Generating documentation with Compodoc: [12:33:30] [36mIncluding
[90m│[39m
[90m│[39m  Generating documentation with Compodoc: [12:33:30] [33mExcluding
[90m│[39m
[90m│[39m  Generating documentation with Compodoc: [12:33:30] [36mIncluding
[90m│[39m
[90m│[39m  Generating documentation with Compodoc: [12:33:30] [33mExcluding
[90m│[39m
[90m│[39m  Generating documentation with Compodoc: [12:33:30] [33mExcluding
[90m│[39m
[90m│[39m  Generating documentation with Compodoc: [12:33:30] [33mExcluding
[90m│[39m
[90m│[39m  Generating documentation with Compodoc: [12:33:30] [33mExcluding
[90m│[39m
[90m│[39m  Generating documentation with Compodoc: [12:33:30] [33mExcluding
[90m│[39m
[90m│[39m  Generating documentation with Compodoc: [12:33:30] [36mIncluding
[90m│[39m
[90m│[39m  Generating documentation with Compodoc: [12:33:30] [36mIncluding
[90m│[39m
[90m│[39m  Generating documentation with Compodoc: [12:33:30] [33mExcluding
[90m│[39m
[90m│[39m  Generating documentation with Compodoc: [12:33:30] [33mExcluding
[90m│[39m
[90m│[39m  Generating documentation with Compodoc: [12:33:30] [36mIncluding
[90m│[39m
[90m│[39m  Generating documentation with Compodoc: [12:33:30] [33mExcluding
[90m│[39m
[90m│[39m  Generating documentation with Compodoc: [12:33:30] [36mIncluding
[90m│[39m
[90m│[39m  Generating documentation with Compodoc: [33mExcluding      : /Us
[90m│[39m
[90m│[39m  Generating documentation with Compodoc: [12:33:30]
[90m│[39m
[90m│[39m  Generating documentation with Compodoc: [32mSearching package.js
[90m│[39m
[90m│[39m  Generating documentation with Compodoc: [12:33:30]
[90m│[39m
[90m│[39m  Generating documentation with Compodoc: [32mpackage.json file fo
[90m│[39m
[90m│[39m  Generating documentation with Compodoc: [12:33:30] [32mSearching
[90m│[39m
[90m│[39m  Generating documentation with Compodoc: [12:33:30]
[90m│[39m
[90m│[39m  Generating documentation with Compodoc: [32mREADME.md file found
[90m│[39m
[90m│[39m  Generating documentation with Compodoc: [12:33:30] [33mError dur
[90m│[39m
[90m│[39m  Generating documentation with Compodoc: [12:33:30] [33mError dur
[90m│[39m
[90m│[39m  Generating documentation with Compodoc: [12:33:30] [33mError dur
[90m│[39m
[90m│[39m  Generating documentation with Compodoc: [12:33:30] [33mError dur
[90m│[39m
[90m│[39m  Generating documentation with Compodoc: [12:33:30] [33mContinuin
[90m│[39m
[90m│[39m  Generating documentation with Compodoc: [12:33:30]
[90m│[39m
[90m│[39m  Generating documentation with Compodoc: [32mparsing        : /Us
[90m│[39m
[90m│[39m  Generating documentation with Compodoc: [12:33:30]
[90m│[39m
[90m│[39m  Generating documentation with Compodoc: [32mparsing        : /Us
[90m│[39m
[90m│[39m  Generating documentation with Compodoc: [12:33:30]
[90m│[39m
[90m│[39m  Generating documentation with Compodoc: [36mfound          : App
[90m│[39m
[90m│[39m  Generating documentation with Compodoc: [12:33:30] [32mparsing
[90m│[39m
[90m│[39m  Generating documentation with Compodoc: [12:33:30]
[90m│[39m
[90m│[39m  Generating documentation with Compodoc: [36mfound          : app
[90m│[39m
[90m│[39m  Generating documentation with Compodoc: [12:33:30] [32mAnalysing
[90m│[39m
[90m│[39m  Generating documentation with Compodoc: [12:33:30]
[90m│[39m
[90m│[39m  Generating documentation with Compodoc: [36mfound          : rou
[90m│[39m
[90m│[39m  Generating documentation with Compodoc: [12:33:30]
[90m│[39m
[90m│[39m  Generating documentation with Compodoc: [36mfound          : Use
[90m│[39m
[90m│[39m  Generating documentation with Compodoc: [12:33:30] [36mfound
[90m│[39m
[90m│[39m  Generating documentation with Compodoc: [12:33:30] [32mparsing
[90m│[39m
[90m│[39m  Generating documentation with Compodoc: [12:33:30] [36mfound
[90m│[39m
[90m│[39m  Generating documentation with Compodoc: [12:33:30][36m
[90m│[39m
[90m│[39m  Generating documentation with Compodoc: [12:33:30] [36mfound
[90m│[39m
[90m│[39m  Generating documentation with Compodoc: [12:33:30] [32mparsing
[90m│[39m
[90m│[39m  Generating documentation with Compodoc: [12:33:30] [36mfound
[90m│[39m
[90m│[39m  Generating documentation with Compodoc: [12:33:30] [36mfound
[90m│[39m
[90m│[39m  Generating documentation with Compodoc: [12:33:30] [36mfound
[90m│[39m
[90m│[39m  Generating documentation with Compodoc: [12:33:30] [36mfound
[90m│[39m
[90m│[39m  Generating documentation with Compodoc: [12:33:30][36m
[90m│[39m
[90m│[39m  Generating documentation with Compodoc: [12:33:30] [36mfound
[90m│[39m
[90m│[39m  Generating documentation with Compodoc: [12:33:30] [36mfound
[90m│[39m
[90m│[39m  Generating documentation with Compodoc: [12:33:30] [36mfound
[90m│[39m
[90m│[39m  Generating documentation with Compodoc: [12:33:30] [36mfound
[90m│[39m
[90m│[39m  Generating documentation with Compodoc: [12:33:30]
[90m│[39m
[90m│[39m  Generating documentation with Compodoc: [36mfound          : Tol
[90m│[39m
[90m│[39m  Generating documentation with Compodoc: [12:33:30] [36mfound
[90m│[39m
[90m│[39m  Generating documentation with Compodoc: [12:33:30] [36mfound
[90m│[39m
[90m│[39m  Generating documentation with Compodoc: [12:33:30]
[90m│[39m
[90m│[39m  Generating documentation with Compodoc: [36mfound          : Too
[90m│[39m
[90m│[39m  Generating documentation with Compodoc: [12:33:30] [36mfound
[90m│[39m
[90m│[39m  Generating documentation with Compodoc: [12:33:30] [36mfound
[90m│[39m
[90m│[39m  Generating documentation with Compodoc: [12:33:30] [36mfound
[90m│[39m
[90m│[39m  Generating documentation with Compodoc: [12:33:30] [32m---------
[90m│[39m
[90m│[39m  Generating documentation with Compodoc: [12:33:30] [32mProject s
[90m│[39m
[90m│[39m  Generating documentation with Compodoc: [12:33:30] [32mPrepare c
[90m│[39m
[90m│[39m  Generating documentation with Compodoc: [12:33:30]
[90m│[39m
[90m│[39m  Generating documentation with Compodoc: [32m AccordionComponent
[90m│[39m
[90m│[39m  Generating documentation with Compodoc: [12:33:30] [32m AppCompo
[90m│[39m
[90m│[39m  Generating documentation with Compodoc: [12:33:30] [32m CardComp
[90m│[39m
[90m│[39m  Generating documentation with Compodoc: [12:33:30] [32m SidebarC
[90m│[39m
[90m│[39m  Generating documentation with Compodoc: [12:33:30]
[90m│[39m
[90m│[39m  Generating documentation with Compodoc: [32m TitleBarComponent h
[90m│[39m
[90m│[39m  Generating documentation with Compodoc: [12:33:30]
[90m│[39m
[90m│[39m  Generating documentation with Compodoc: [32m ToleranceLegendComp
[90m│[39m
[90m│[39m  Generating documentation with Compodoc: [12:33:30] [32m TooltipC
[90m│[39m
[90m│[39m  Generating documentation with Compodoc: [12:33:30] [32m TooltipC
[90m│[39m
[90m│[39m  Generating documentation with Compodoc: [12:33:30]
[90m│[39m
[90m│[39m  Generating documentation with Compodoc: [32m UiButtonComponent h
[90m│[39m
[90m│[39m  Generating documentation with Compodoc: [12:33:30] [32mPrepare m
[90m│[39m
[90m│[39m  Generating documentation with Compodoc: [12:33:30] [32mProcess r
[90m│[39m
[90m│[39m  Generating documentation with Compodoc: [12:33:30] [32mGeneratin
[90m│[39m
[90m│[39m  Generating documentation with Compodoc: [12:33:30]
[90m│[39m
[90m│[39m  Generating documentation with Compodoc: [32mDocumentation genera
[90m│[39m
[90m│[39m  Compodoc finished successfully
[90m│[39m
[32m◇[39m  Cleaning outputDir:
[90m│[39m  [36m../../../../../var/folders/z4/m6s72pns1wv40mqhx_lcbb5c0000gn/T/chromatic--36672-jMCqmpSZRQlP[39m
[90m│[39m
[32m◇[39m  Loading presets
[90m│[39m
[32m◇[39m  Building manager..
[90m│[39m
[34m●[39m  Building preview..
[90m│[39m
[34m●[39m  Copying static files: [36mpublic[39m at
[90m│[39m  [36m../../../../../var/folders/z4/m6s72pns1wv40mqhx_lcbb5c0000gn/T/chromatic--36672-jMCqmpSZRQlP[39m
[90m│[39m  [43mVite[49m [36mvite v7.3.1 [32mbuilding client environment for production...[36m[39m
[90m│[39m  [43mVite[49m transforming...
[90m│[39m  [43mVite[49m [32m✓[39m 472 modules transformed.
[90m│[39m  [43mVite[49m rendering chunks...
[90m│[39m  [43mVite[49m computing gzip size...
[90m│[39m  [43mVite[49m
[90m│[39m  [2m../../../../../var/folders/z4/m6s72pns1wv40mqhx_lcbb5c0000gn/T/chromatic--36672-jMCqmpSZRQlP/[22m[2massets/[22m[32mcontext-C0qIqeS4.png[39m[1m[2m[22m
[90m│[39m  [2m6.12 kB[22m[1m[22m
[90m│[39m  [43mVite[49m
[90m│[39m  [2m../../../../../var/folders/z4/m6s72pns1wv40mqhx_lcbb5c0000gn/T/chromatic--36672-jMCqmpSZRQlP/[22m[2massets/[22m[32mstyling-Bk6zjRzU.png[39m[1m[2m[22m
[90m│[39m  [2m7.24 kB[22m[1m[22m
[90m│[39m  [43mVite[49m
[90m│[39m  [2m../../../../../var/folders/z4/m6s72pns1wv40mqhx_lcbb5c0000gn/T/chromatic--36672-jMCqmpSZRQlP/[22m[32miframe.html[39m[1m[2m[22m
[90m│[39m  [2m18.63 kB[22m[1m[22m[2m │ gzip:   5.25 kB[22m
[90m│[39m  [43mVite[49m
[90m│[39m  [2m../../../../../var/folders/z4/m6s72pns1wv40mqhx_lcbb5c0000gn/T/chromatic--36672-jMCqmpSZRQlP/[22m[2massets/[22m[32mdocs---vsFbMi.png[39m[1m[2m[22m
[90m│[39m  [2m27.88 kB[22m[1m[22m
[90m│[39m  [43mVite[49m
[90m│[39m  [2m../../../../../var/folders/z4/m6s72pns1wv40mqhx_lcbb5c0000gn/T/chromatic--36672-jMCqmpSZRQlP/[22m[2massets/[22m[32mshare-DGA-UcQf.png[39m[1m[2m[22m
[90m│[39m  [2m40.77 kB[22m[1m[22m
[90m│[39m  [43mVite[49m
[90m│[39m  [2m../../../../../var/folders/z4/m6s72pns1wv40mqhx_lcbb5c0000gn/T/chromatic--36672-jMCqmpSZRQlP/[22m[2massets/[22m[32maccessibility-W_h2acOZ.png[39m[1m[2m[22m
[90m│[39m  [2m42.34 kB[22m[1m[22m
[90m│[39m  [43mVite[49m
[90m│[39m  [2m../../../../../var/folders/z4/m6s72pns1wv40mqhx_lcbb5c0000gn/T/chromatic--36672-jMCqmpSZRQlP/[22m[2massets/[22m[32mfigma-plugin-CH2hELiO.png[39m[1m[2m[22m
[90m│[39m  [2m44.25 kB[22m[1m[22m
[90m│[39m  [43mVite[49m
[90m│[39m  [2m../../../../../var/folders/z4/m6s72pns1wv40mqhx_lcbb5c0000gn/T/chromatic--36672-jMCqmpSZRQlP/[22m[2massets/[22m[32mtheming-D6WJLNoW.png[39m[1m[2m[22m
[90m│[39m  [2m44.37 kB[22m[1m[22m
[90m│[39m  [43mVite[49m
[90m│[39m  [2m../../../../../var/folders/z4/m6s72pns1wv40mqhx_lcbb5c0000gn/T/chromatic--36672-jMCqmpSZRQlP/[22m[2massets/[22m[32mtesting-cbzR9l9r.png[39m[1m[2m[22m
[90m│[39m  [2m49.31 kB[22m[1m[22m
[90m│[39m  [43mVite[49m
[90m│[39m  [2m../../../../../var/folders/z4/m6s72pns1wv40mqhx_lcbb5c0000gn/T/chromatic--36672-jMCqmpSZRQlP/[22m[2massets/[22m[32maddon-library-BWUCAmyN.png[39m[1m[2m[22m
[90m│[39m  [2m467.37 kB[22m[1m[22m
[90m│[39m  [43mVite[49m
[90m│[39m  [2m../../../../../var/folders/z4/m6s72pns1wv40mqhx_lcbb5c0000gn/T/chromatic--36672-jMCqmpSZRQlP/[22m[2massets/[22m[35miframe-BFDw_cfR.css[39m[1m[2m[22m
[90m│[39m  [2m3.57 kB[22m[1m[22m[2m │ gzip:   0.84 kB[22m
[90m│[39m  [43mVite[49m
[90m│[39m  [2m../../../../../var/folders/z4/m6s72pns1wv40mqhx_lcbb5c0000gn/T/chromatic--36672-jMCqmpSZRQlP/[22m[2massets/[22m[36m_commonjsHelpers-CV2jkJYL.js[39m[1m[2m[22m
[90m│[39m  [2m0.23 kB[22m[1m[22m[2m │ gzip:   0.20 kB[22m
[90m│[39m  [43mVite[49m
[90m│[39m  [2m../../../../../var/folders/z4/m6s72pns1wv40mqhx_lcbb5c0000gn/T/chromatic--36672-jMCqmpSZRQlP/[22m[2massets/[22m[36mformatter-EIJCOSYU-Bh9oPulz.js[39m[1m[2m[22m
[90m│[39m  [2m0.25 kB[22m[1m[22m[2m │ gzip:   0.21 kB[22m
[90m│[39m  [43mVite[49m
[90m│[39m  [2m../../../../../var/folders/z4/m6s72pns1wv40mqhx_lcbb5c0000gn/T/chromatic--36672-jMCqmpSZRQlP/[22m[2massets/[22m[36mpreload-helper-Cc2_yIPf.js[39m[1m[2m[22m
[90m│[39m  [2m1.38 kB[22m[1m[22m[2m │ gzip:   0.80 kB[22m
[90m│[39m  [43mVite[49m
[90m│[39m  [2m../../../../../var/folders/z4/m6s72pns1wv40mqhx_lcbb5c0000gn/T/chromatic--36672-jMCqmpSZRQlP/[22m[2massets/[22m[36mDocsRenderer-LL677BLK-B8l15vsi.js[39m[1m[2m[22m
[90m│[39m  [2m1.43 kB[22m[1m[22m[2m │ gzip:   0.80 kB[22m
[90m│[39m  [43mVite[49m
[90m│[39m  [2m../../../../../var/folders/z4/m6s72pns1wv40mqhx_lcbb5c0000gn/T/chromatic--36672-jMCqmpSZRQlP/[22m[2massets/[22m[36mdashboard-layout.stories-D7LkPw3F.js[39m[1m[2m[22m
[90m│[39m  [2m2.37 kB[22m[1m[22m[2m │ gzip:   1.01 kB[22m
[90m│[39m  [43mVite[49m
[90m│[39m  [2m../../../../../var/folders/z4/m6s72pns1wv40mqhx_lcbb5c0000gn/T/chromatic--36672-jMCqmpSZRQlP/[22m[2massets/[22m[36mtooltip.component-gXtYg1zm.js[39m[1m[2m[22m
[90m│[39m  [2m2.83 kB[22m[1m[22m[2m │ gzip:   1.16 kB[22m
[90m│[39m  [43mVite[49m
[90m│[39m  [2m../../../../../var/folders/z4/m6s72pns1wv40mqhx_lcbb5c0000gn/T/chromatic--36672-jMCqmpSZRQlP/[22m[2massets/[22m[36mtooltip.stories-kGCIoJmN.js[39m[1m[2m[22m
[90m│[39m  [2m3.63 kB[22m[1m[22m[2m │ gzip:   1.25 kB[22m
[90m│[39m  [43mVite[49m
[90m│[39m  [2m../../../../../var/folders/z4/m6s72pns1wv40mqhx_lcbb5c0000gn/T/chromatic--36672-jMCqmpSZRQlP/[22m[2massets/[22m[36mui-button.stories-DcqtrH6e.js[39m[1m[2m[22m
[90m│[39m  [2m4.08 kB[22m[1m[22m[2m │ gzip:   1.34 kB[22m
[90m│[39m  [43mVite[49m
[90m│[39m  [2m../../../../../var/folders/z4/m6s72pns1wv40mqhx_lcbb5c0000gn/T/chromatic--36672-jMCqmpSZRQlP/[22m[2massets/[22m[36mui-button.component-BgiEzwKr.js[39m[1m[2m[22m
[90m│[39m  [2m4.28 kB[22m[1m[22m[2m │ gzip:   1.31 kB[22m
[90m│[39m  [43mVite[49m
[90m│[39m  [2m../../../../../var/folders/z4/m6s72pns1wv40mqhx_lcbb5c0000gn/T/chromatic--36672-jMCqmpSZRQlP/[22m[2massets/[22m[36mtitle-bar.stories-D3TprsOK.js[39m[1m[2m[22m
[90m│[39m  [2m5.67 kB[22m[1m[22m[2m │ gzip:   1.76 kB[22m
[90m│[39m  [43mVite[49m
[90m│[39m  [2m../../../../../var/folders/z4/m6s72pns1wv40mqhx_lcbb5c0000gn/T/chromatic--36672-jMCqmpSZRQlP/[22m[2massets/[22m[36maccordion.stories-CA3hxYOt.js[39m[1m[2m[22m
[90m│[39m  [2m6.15 kB[22m[1m[22m[2m │ gzip:   2.28 kB[22m
[90m│[39m  [43mVite[49m
[90m│[39m  [2m../../../../../var/folders/z4/m6s72pns1wv40mqhx_lcbb5c0000gn/T/chromatic--36672-jMCqmpSZRQlP/[22m[2massets/[22m[36mtolerance-legend.stories-CWtSOfQC.js[39m[1m[2m[22m
[90m│[39m  [2m7.88 kB[22m[1m[22m[2m │ gzip:   2.52 kB[22m
[90m│[39m  [43mVite[49m
[90m│[39m  [2m../../../../../var/folders/z4/m6s72pns1wv40mqhx_lcbb5c0000gn/T/chromatic--36672-jMCqmpSZRQlP/[22m[2massets/[22m[36msquare-tab.stories-Dde7Gtva.js[39m[1m[2m[22m
[90m│[39m  [2m9.03 kB[22m[1m[22m[2m │ gzip:   3.07 kB[22m
[90m│[39m  [43mVite[49m
[90m│[39m  [2m../../../../../var/folders/z4/m6s72pns1wv40mqhx_lcbb5c0000gn/T/chromatic--36672-jMCqmpSZRQlP/[22m[2massets/[22m[36mtitle-bar.component-Dg_bFePG.js[39m[1m[2m[22m
[90m│[39m  [2m9.98 kB[22m[1m[22m[2m │ gzip:   2.51 kB[22m
[90m│[39m  [43mVite[49m
[90m│[39m  [2m../../../../../var/folders/z4/m6s72pns1wv40mqhx_lcbb5c0000gn/T/chromatic--36672-jMCqmpSZRQlP/[22m[2massets/[22m[36mConfigure-DLbNxKbc.js[39m[1m[2m[22m
[90m│[39m  [2m25.48 kB[22m[1m[22m[2m │ gzip:  11.05 kB[22m
[90m│[39m  [43mVite[49m
[90m│[39m  [2m../../../../../var/folders/z4/m6s72pns1wv40mqhx_lcbb5c0000gn/T/chromatic--36672-jMCqmpSZRQlP/[22m[36mvite-inject-mocker-entry.js[39m[1m[2m[22m
[90m│[39m  [2m29.49 kB[22m[1m[22m[2m │ gzip:  10.44 kB[22m
[90m│[39m  [43mVite[49m
[90m│[39m  [2m../../../../../var/folders/z4/m6s72pns1wv40mqhx_lcbb5c0000gn/T/chromatic--36672-jMCqmpSZRQlP/[22m[2massets/[22m[36mColor-FRDS63T2-CVS11ZsN.js[39m[1m[2m[22m
[90m│[39m  [2m30.97 kB[22m[1m[22m[2m │ gzip:  11.81 kB[22m
[90m│[39m  [43mVite[49m
[90m│[39m  [2m../../../../../var/folders/z4/m6s72pns1wv40mqhx_lcbb5c0000gn/T/chromatic--36672-jMCqmpSZRQlP/[22m[2massets/[22m[36mmatchers-5TDFFDYO-CgUGrP4b.js[39m[1m[2m[22m
[90m│[39m  [2m31.49 kB[22m[1m[22m[2m │ gzip:  10.86 kB[22m
[90m│[39m  [43mVite[49m
[90m│[39m  [2m../../../../../var/folders/z4/m6s72pns1wv40mqhx_lcbb5c0000gn/T/chromatic--36672-jMCqmpSZRQlP/[22m[2massets/[22m[36mWithTooltip-65CFNBJE-BG-H6MTu.js[39m[1m[2m[22m
[90m│[39m  [2m35.40 kB[22m[1m[22m[2m │ gzip:  12.58 kB[22m
[90m│[39m  [43mVite[49m
[90m│[39m  [2m../../../../../var/folders/z4/m6s72pns1wv40mqhx_lcbb5c0000gn/T/chromatic--36672-jMCqmpSZRQlP/[22m[2massets/[22m[36manimations-Cu1iuQUN.js[39m[1m[2m[22m
[90m│[39m  [2m70.00 kB[22m[1m[22m[2m │ gzip:  21.01 kB[22m
[90m│[39m  [43mVite[49m
[90m│[39m  [2m../../../../../var/folders/z4/m6s72pns1wv40mqhx_lcbb5c0000gn/T/chromatic--36672-jMCqmpSZRQlP/[22m[2massets/[22m[36msyntaxhighlighter-OH4MV7E3-DWBG8BKx.js[39m[1m[2m[22m
[90m│[39m  [2m81.08 kB[22m[1m[22m[2m │ gzip:  28.59 kB[22m
[90m│[39m  [43mVite[49m
[90m│[39m  [2m../../../../../var/folders/z4/m6s72pns1wv40mqhx_lcbb5c0000gn/T/chromatic--36672-jMCqmpSZRQlP/[22m[2massets/[22m[36maxe-Bp6E_cao.js[39m[1m[33m[39m
[90m│[39m  [33m616.14 kB[39m[22m[2m │ gzip: 172.17 kB[22m
[90m│[39m  [43mVite[49m
[90m│[39m  [2m../../../../../var/folders/z4/m6s72pns1wv40mqhx_lcbb5c0000gn/T/chromatic--36672-jMCqmpSZRQlP/[22m[2massets/[22m[36mblocks-BGUF7VJy.js[39m
[90m│[39m  [36m[39m[1m[33m1,007.38 kB[39m[22m[2m │ gzip: 328.38 kB[22m
[90m│[39m  [43mVite[49m
[90m│[39m  [2m../../../../../var/folders/z4/m6s72pns1wv40mqhx_lcbb5c0000gn/T/chromatic--36672-jMCqmpSZRQlP/[22m[2massets/[22m[36miframe-Di2hvQOy.js[39m
[90m│[39m  [36m[39m[1m[33m1,989.25 kB[39m[22m[2m │ gzip: 571.98 kB[22m
[90m│[39m
[33m▲[39m  [43mVite[49m[33m
[90m│[39m  (!) Some chunks are larger than 500 kB after minification. Consider:
[90m│[39m  - Using dynamic import() to code-split the application
[90m│[39m  - Use build.rollupOptions.output.manualChunks to improve chunking:
[90m│[39m  ]8;;https://rollupjs.org/configuration-options/#output-manualchunkshttps://rollupjs.org/configuration-options/#output-manualchunks]8;;
[90m│[39m  - Adjust chunk size limit for this warning via
[90m│[39m  build.chunkSizeWarningLimit.[39m
[90m│[39m  [43mVite[49m [32m✓ built in 12.69s[39m
[90m│[39m
[32m◇[39m  Output directory:
[90m│[39m  /var/folders/z4/m6s72pns1wv40mqhx_lcbb5c0000gn/T/chromatic--36672-jMCqmpSZRQlP
[90m│[39m
[90m└[39m  Storybook build completed successfully

