
Chromatic CLI v16.6.0
https://www.chromatic.com/docs/cli

Authenticating with Chromatic
    → Connecting to https://index.chromatic.com
Authenticated with Chromatic
    → Using project token '****************068b'
Retrieving git information
Found 9 changed files:
  build-storybook.log
  button-build.exit
  button-build.log
  chromatic-final.exit
  chromatic-final.log
  documentation.json
  src/stories/ui-button/ui-button.component.html
  src/stories/ui-button/ui-button.component.ts
  src/stories/ui-button/ui-button.stories.ts
Retrieved git information
    → Commit '12cb2fc' on branch 'main'; found 1 parent build and 9 changed files
Collecting Storybook metadata
No viewlayer package listed in dependencies. Checking transitive dependencies.
Collected Storybook metadata
    → Storybook 10.3.3; using the @analogjs/storybook-angular builder (2.3.1); no supported addons found
Initializing build
Initialized build
    → Build 6 initialized
Building your Storybook
    → Running command: npm run build-storybook -- --output-dir=/var/folders/z4/m6s72pns1wv40mqhx_lcbb5c0000gn/T/chromatic--58898-Kp67Zah4Fsv9 --stats-json=/var/folders/z4/m6s72pns1wv40mqhx_lcbb5c0000gn/T/chromatic--58898-Kp67Zah4Fsv9
    → [*                   ]
    → [ *                  ]
Storybook built in 19 seconds
    → View build log at /Users/matthiasgutsch/Documents/git/angular-vite-storybook/build-storybook.log
Prepare your built Storybook
    → Validating Storybook files
Prepare your built Storybook
    → Calculating file hashes
Preparation complete
    → Storybook files validated and prepared for upload
Publishing your built Storybook
    → Starting publish
    → [=                   ] 6%
Publishing your built Storybook
    → Finalizing upload
Publish complete in 7 seconds
    → Uploaded 21 files (1.01 MB), skipped 47 files
Verifying your Storybook
    → This may take a few minutes
    → [*                   ]
⚠ TurboSnap not available for your account
To ensure your project is fully setup and baselines are properly established,
TurboSnap is not available until at least 10 builds are created from CI.

ℹ Review your TurboSnap availability on the Manage screen:
https://www.chromatic.com/manage?appId=69f086d767d215be03234c52
✔ Storybook published
We found 7 components with 51 stories.
ℹ View your Storybook at https://69f086d767d215be03234c52-ykuwytqjbx.chromatic.com/
Started build 6
    → View build details at https://www.chromatic.com/build?appId=69f086d767d215be03234c52&number=6
Running 51 tests
    → This may take a few minutes
    → [=                   ] 3/51  
