[10:46:36.344] [INFO] Storybook upgrade - v10.3.3
[10:46:36.349] [INFO] detect-projects-spinner-start: Detecting projects...
[10:46:36.351] [DEBUG] Finding Storybook projects...
[10:46:36.937] [DEBUG] Found 1 Storybook projects
[10:46:36.938] [INFO] detect-projects-spinner: Detecting projects: 1 projects
[10:46:36.938] [DEBUG] Getting Storybook data...
[10:46:36.938] [DEBUG] Getting Storybook info...
[10:46:37.056] [DEBUG] Loading main config...
[10:46:37.056] [DEBUG] Getting stories paths...
[10:46:37.078] [DEBUG] Getting package manager...
[10:46:37.257] [DEBUG] Getting package.json info for /Users/matthiasgutsch/Documents/git/angular-vite-storybook/package.json...
[10:46:37.257] [DEBUG] Getting Storybook version...
[10:46:37.257] [DEBUG] Detecting CSF factory usage...
[10:46:37.290] [DEBUG] /.storybook - Validating before version... 10.1.11
[10:46:37.290] [DEBUG] /.storybook - Validating upgrade compatibility...
[10:46:37.290] [DEBUG] /.storybook - Fetching NPM version information...
[10:46:37.290] [DEBUG] Getting CLI versions from NPM for storybook...
[10:46:37.290] [DEBUG] Executing command: npm info storybook version
[10:46:37.298] [DEBUG] Getting CLI versions from NPM for storybook@next...
[10:46:37.298] [DEBUG] Executing command: npm info storybook@next version
[10:46:38.204] [DEBUG] /.storybook - Evaluating blockers...
[10:46:38.219] [DEBUG] Getting installed version for @storybook/experimental-addon-test...
[10:46:38.219] [DEBUG] Executing command: npm ls --json --depth=99 2>/dev/null
[10:46:40.750] [DEBUG] Executing command: npm ls --json --depth=0 2>/dev/null
[10:46:42.068] [DEBUG] Error finding installations for @storybook/experimental-addon-test: ExecaError: Command failed with exit code 1: npm ls --json '--depth=0' '2>/dev/null'

{
  "version": "0.0.0",
  "name": "angular-v17-vite-storybook"
}
[10:46:42.068] [DEBUG] No installations found for @storybook/experimental-addon-test
[10:46:42.069] [INFO] detect-projects-spinner-stop: 1 project detected
[10:46:42.069] [DEBUG] Found 1 valid projects and 0 error projects
[10:46:42.069] [INFO] Upgrading from [1m10.1.11[22m to [1m10.3.3[22m
[10:46:42.071] [INFO] upgrade-dependencies-task-start: Fetching versions to update package.json files..
[10:46:42.071] [DEBUG] Updating dependencies in /.storybook...
[10:46:42.072] [INFO] upgrade-dependencies-task: /package.json
[10:46:42.072] [DEBUG] Using cached package.json for /Users/matthiasgutsch/Documents/git/angular-vite-storybook/package.json...
[10:46:42.072] [DEBUG] Getting CLI versions from NPM for @chromatic-com/storybook...
[10:46:42.072] [DEBUG] Executing command: npm info @chromatic-com/storybook version
[10:46:42.077] [DEBUG] Getting CLI versions from NPM for @storybook/addon-designs...
[10:46:42.077] [DEBUG] Executing command: npm info @storybook/addon-designs version
[10:46:42.082] [DEBUG] Getting CLI versions from NPM for @storybook/test-runner...
[10:46:42.082] [DEBUG] Executing command: npm info @storybook/test-runner version
[10:46:43.461] [DEBUG] {
  "upgradedDependencies": []
}
[10:46:43.461] [DEBUG] {
  "upgradedDevDependencies": [
    "@storybook/addon-a11y@^10.3.3",
    "@storybook/addon-docs@^10.3.3",
    "@storybook/addon-links@^10.3.3",
    "@storybook/addon-vitest@^10.3.3",
    "@storybook/angular@^10.3.3",
    "@storybook/builder-vite@^10.3.3",
    "storybook@^10.3.3",
    "@chromatic-com/storybook@^5.0.2",
    "@storybook/addon-designs@^11.1.3",
    "@storybook/test-runner@^0.24.3"
  ]
}
[10:46:43.461] [DEBUG] {
  "upgradedPeerDependencies": []
}
[10:46:43.461] [DEBUG] Getting package.json info for /Users/matthiasgutsch/Documents/git/angular-vite-storybook/package.json...
[10:46:43.462] [DEBUG] Using cached package.json for /Users/matthiasgutsch/Documents/git/angular-vite-storybook/package.json...
[10:46:43.462] [DEBUG] Using cached package.json for /Users/matthiasgutsch/Documents/git/angular-vite-storybook/package.json...
[10:46:43.463] [DEBUG] Getting package.json info for /Users/matthiasgutsch/Documents/git/angular-vite-storybook/package.json...
[10:46:43.463] [DEBUG] Using cached package.json for /Users/matthiasgutsch/Documents/git/angular-vite-storybook/package.json...
[10:46:43.463] [DEBUG] Getting CLI versions from NPM for @storybook/addon-a11y...
[10:46:43.463] [DEBUG] Executing command: npm info @storybook/addon-a11y version
[10:46:44.217] [DEBUG] Getting CLI versions from NPM for @storybook/addon-docs...
[10:46:44.217] [DEBUG] Executing command: npm info @storybook/addon-docs version
[10:46:45.006] [DEBUG] Getting CLI versions from NPM for @storybook/addon-links...
[10:46:45.006] [DEBUG] Executing command: npm info @storybook/addon-links version
[10:46:45.824] [DEBUG] Getting CLI versions from NPM for @storybook/addon-vitest...
[10:46:45.824] [DEBUG] Executing command: npm info @storybook/addon-vitest version
[10:46:46.412] [DEBUG] Getting CLI versions from NPM for @storybook/angular...
[10:46:46.412] [DEBUG] Executing command: npm info @storybook/angular version
[10:46:48.009] [DEBUG] Getting CLI versions from NPM for @storybook/builder-vite...
[10:46:48.009] [DEBUG] Executing command: npm info @storybook/builder-vite version
[10:46:48.695] [DEBUG] Using cached version for storybook...
[10:46:48.695] [DEBUG] Using cached version for @chromatic-com/storybook...
[10:46:48.695] [DEBUG] Using cached version for @storybook/addon-designs...
[10:46:48.695] [DEBUG] Using cached version for @storybook/test-runner...
[10:46:48.695] [DEBUG] Using cached package.json for /Users/matthiasgutsch/Documents/git/angular-vite-storybook/package.json...
[10:46:48.696] [DEBUG] Getting package.json info for /Users/matthiasgutsch/Documents/git/angular-vite-storybook/package.json...
[10:46:48.696] [DEBUG] Using cached package.json for /Users/matthiasgutsch/Documents/git/angular-vite-storybook/package.json...
[10:46:48.696] [DEBUG] Using cached package.json for /Users/matthiasgutsch/Documents/git/angular-vite-storybook/package.json...
[10:46:48.697] [INFO] upgrade-dependencies-task-success: Updated package versions in package.json files
[10:46:48.697] [INFO] detect-automigrations-task-start: Detecting automigrations...
[10:46:48.697] [DEBUG] Starting automigration collection across 1 projects and 19 fixes...
[10:46:48.698] [INFO] detect-automigrations-task: Checking automigrations for /.storybook...
[10:46:48.698] [DEBUG] Processing project: /.storybook
[10:46:48.698] [DEBUG] Checking fix eslintPlugin for project /.storybook...
[10:46:48.698] [DEBUG] Using cached package.json for /Users/matthiasgutsch/Documents/git/angular-vite-storybook/package.json...
[10:46:48.698] [DEBUG] Using cached package.json for /Users/matthiasgutsch/Documents/git/angular-vite-storybook/package.json...
[10:46:48.699] [DEBUG] Checking fix addon-mdx-gfm-remove for project /.storybook...
[10:46:48.699] [DEBUG] Using cached package.json for /Users/matthiasgutsch/Documents/git/angular-vite-storybook/package.json...
[10:46:48.699] [DEBUG] Checking fix addon-storysource-code-panel for project /.storybook...
[10:46:48.699] [DEBUG] Checking fix upgrade-storybook-related-dependencies for project /.storybook...
[10:46:48.699] [DEBUG] Checking for incompatible storybook packages...
[10:46:48.699] [DEBUG] Using cached package.json for /Users/matthiasgutsch/Documents/git/angular-vite-storybook/package.json...
[10:46:48.704] [DEBUG] Using cached package.json for /Users/matthiasgutsch/Documents/git/angular-vite-storybook/package.json...
[10:46:48.705] [DEBUG] Getting installed version for @analogjs/storybook-angular...
[10:46:48.705] [DEBUG] Executing command: npm ls --json --depth=99 2>/dev/null
[10:46:48.709] [DEBUG] Getting installed version for @whitespace/storybook-addon-html...
[10:46:48.709] [DEBUG] Executing command: npm ls --json --depth=99 2>/dev/null
[10:46:48.713] [DEBUG] Getting installed version for storybook-addon-responsive-views...
[10:46:48.713] [DEBUG] Executing command: npm ls --json --depth=99 2>/dev/null
[10:46:51.403] [DEBUG] Executing command: npm ls --json --depth=0 2>/dev/null
[10:46:51.439] [DEBUG] Executing command: npm ls --json --depth=0 2>/dev/null
[10:46:51.460] [DEBUG] Executing command: npm ls --json --depth=0 2>/dev/null
[10:46:52.656] [DEBUG] Error finding installations for @analogjs/storybook-angular: ExecaError: Command failed with exit code 1: npm ls --json '--depth=0' '2>/dev/null'

{
  "version": "0.0.0",
  "name": "angular-v17-vite-storybook"
}
[10:46:52.656] [DEBUG] No installations found for @analogjs/storybook-angular
[10:46:52.656] [DEBUG] Getting CLI versions from NPM for @analogjs/storybook-angular...
[10:46:52.656] [DEBUG] Executing command: npm info @analogjs/storybook-angular version
[10:46:52.706] [DEBUG] Error finding installations for @whitespace/storybook-addon-html: ExecaError: Command failed with exit code 1: npm ls --json '--depth=0' '2>/dev/null'

{
  "version": "0.0.0",
  "name": "angular-v17-vite-storybook"
}
[10:46:52.706] [DEBUG] No installations found for @whitespace/storybook-addon-html
[10:46:52.706] [DEBUG] Getting CLI versions from NPM for @whitespace/storybook-addon-html...
[10:46:52.706] [DEBUG] Executing command: npm info @whitespace/storybook-addon-html version
[10:46:52.725] [DEBUG] Error finding installations for storybook-addon-responsive-views: ExecaError: Command failed with exit code 1: npm ls --json '--depth=0' '2>/dev/null'

{
  "version": "0.0.0",
  "name": "angular-v17-vite-storybook"
}
[10:46:52.725] [DEBUG] No installations found for storybook-addon-responsive-views
[10:46:52.725] [DEBUG] Getting CLI versions from NPM for storybook-addon-responsive-views...
[10:46:52.725] [DEBUG] Executing command: npm info storybook-addon-responsive-views version
[10:46:54.243] [DEBUG] Checking fix initial-globals for project /.storybook...
[10:46:54.250] [DEBUG] Checking fix addon-globals-api for project /.storybook...
[10:46:54.255] [DEBUG] Checking fix addon-a11y-addon-test for project /.storybook...
[10:46:54.255] [DEBUG] Checking fix consolidated-imports for project /.storybook...
[10:46:54.256] [DEBUG] Checking fix addon-experimental-test for project /.storybook...
[10:46:54.256] [DEBUG] Using cached installed version for @storybook/experimental-addon-test...
[10:46:54.256] [DEBUG] Checking fix rnstorybook-config for project /.storybook...
[10:46:54.256] [DEBUG] Using cached package.json for /Users/matthiasgutsch/Documents/git/angular-vite-storybook/package.json...
[10:46:54.256] [DEBUG] Checking fix migrate-addon-console for project /.storybook...
[10:46:54.256] [DEBUG] Using cached package.json for /Users/matthiasgutsch/Documents/git/angular-vite-storybook/package.json...
[10:46:54.256] [DEBUG] Checking fix nextjs-to-nextjs-vite for project /.storybook...
[10:46:54.257] [DEBUG] Using cached package.json for /Users/matthiasgutsch/Documents/git/angular-vite-storybook/package.json...
[10:46:54.257] [DEBUG] Checking fix remove-addon-interactions for project /.storybook...
[10:46:54.257] [DEBUG] Using cached package.json for /Users/matthiasgutsch/Documents/git/angular-vite-storybook/package.json...
[10:46:54.257] [DEBUG] Checking fix renderer-to-framework for project /.storybook...
[10:46:54.257] [DEBUG] Checking fix remove-essential-addons for project /.storybook...
[10:46:54.257] [DEBUG] Using cached package.json for /Users/matthiasgutsch/Documents/git/angular-vite-storybook/package.json...
[10:46:54.258] [DEBUG] Checking fix addon-a11y-parameters for project /.storybook...
[10:46:54.259] [DEBUG] Checking fix remove-docs-autodocs for project /.storybook...
[10:46:54.262] [DEBUG] Checking fix wrap-getAbsolutePath for project /.storybook...
[10:46:54.267] [DEBUG] Checking fix fix-faux-esm-require for project /.storybook...
[10:46:54.268] [INFO] detect-automigrations-task: 
Automigrations detected:
[10:46:54.268] [INFO] detect-automigrations-task-success: No automigrations detected
[10:46:54.269] [DEBUG] Completed automigrations for /.storybook
[10:46:54.269] [INFO] Installing dependencies...
[10:46:54.269] [INFO] install-dependencies-spinner-start: Installing dependencies...
[10:46:54.269] [DEBUG] Executing command: npm install --force
[10:48:34.122] [INFO] Installing dependencies...: 
added 136 packages, removed 186 packages, changed 2709 packages, and audited 2862 packages in 2m

[10:48:34.123] [INFO] install-dependencies-spinner: Installing dependencies...: added 136 packages, remov
[10:48:34.123] [INFO] Installing dependencies...: 
414 packages are looking for funding
  run `npm fund` for details

[10:48:34.123] [INFO] install-dependencies-spinner: Installing dependencies...: 414 packages are looking 
[10:48:34.373] [INFO] Installing dependencies...: 
72 vulnerabilities (8 low, 33 moderate, 26 high, 5 critical)

To address issues that do not require attention, run:
  npm audit fix

To address all issues (including breaking changes), run:
  npm audit fix --force

Run `npm audit` for details.

[10:48:34.373] [INFO] install-dependencies-spinner: Installing dependencies...: 72 vulnerabilities (8 low
[10:48:34.412] [INFO] Dependencies installed
[10:48:34.413] [INFO] install-dependencies-spinner-stop: Dependencies installed
[10:48:34.415] [INFO] Checking the health of your project(s)..
[10:48:34.416] [DEBUG] Using cached package.json for /Users/matthiasgutsch/Documents/git/angular-vite-storybook/package.json...
[10:48:34.421] [DEBUG] Executing command: npm ls --json --depth=99 2>/dev/null
[10:48:37.068] [DEBUG] Executing command: npm ls --json --depth=0 2>/dev/null
[10:48:38.271] [DEBUG] Error finding installations for @storybook/*, storybook: ExecaError: Command failed with exit code 1: npm ls --json '--depth=0' '2>/dev/null'

{
  "version": "0.0.0",
  "name": "angular-v17-vite-storybook"
}
[10:48:38.271] [WARN] /.storybook: 1 issue found
[10:48:38.272] [INFO] You are currently using Storybook [1m10.3.3[22m but you have packages which are incompatible with it:

- @whitespace/storybook-addon-html@8.0.2 which depends on ^9.0.0
- storybook-addon-responsive-views@2.3.0 which depends on ^5.1.11
 Repo: https://github.com/vizeat/storybook-addon-responsive-views

Please consider updating your packages or contacting the maintainers for compatibility details.

For more details on compatibility guidance, see:
https://github.com/storybookjs/storybook/issues/32836
[10:48:38.273] [INFO] Storybook doctor is complete!
[10:48:38.273] [INFO] You can always recheck the health of your project(s) by running:
[36mnpx storybook doctor[39m
[10:48:38.275] [INFO] [33mYour project(s) have been upgraded successfully, but some issues were found which need your attention, please check Storybook doctor logs above.[39m
[10:48:38.278] [INFO] For a full list of changes, please check our migration guide: [36mhttps://storybook.js.org/docs/releases/migration-guide?ref=upgrade[39m
[10:48:38.280] [INFO] Storybook collects completely anonymous usage telemetry. We use it to shape Storybook's roadmap and prioritize features. You can learn more, including how to opt out, at https://storybook.js.org/telemetry
[10:48:39.454] [INFO] Storybook upgrade completed!